<!DOCTYPE suite SYSTEM "http://testng.org/testng-1.0.dtd" >

<suite name="Suite1" verbose="1">

	<!-- Run all tests in the specified classes -->
	<test name="Regression1">
		<classes>
			<class name="il.co.jb.amazon.auto.tests._003_ShoppingCartCounterTest" />
			<class name="il.co.jb.amazon.auto.tests.DataProviderExamples" />
		</classes>
	</test>

</suite>
