<!DOCTYPE suite SYSTEM "https://testng.org/testng-1.0.dtd" >

<suite name="Suite1" verbose="1">

	<!-- Run all tests in a package -->
	<test name="Regression1">
		<packages>
			<package name="il.co.jb.amazon.auto.tests" />
		</packages>
	</test>
	
</suite>
